[0.022s] Invoking command in '/home/ppha/shaq_and_koby_ws/build/abu_core': CMAKE_PREFIX_PATH=${CMAKE_PREFIX_PATH}:/opt/ros/jazzy DEBUGINFOD_URLS=https://debuginfod.ubuntu.com PS1=(shaq_and_koby_venv) \[\e]0;\u@\h: \w\a\]${debian_chroot:+($debian_chroot)}\[\033[01;32m\]\u@\h\[\033[00m\]:\[\033[01;34m\]\w\[\033[00m\]\$ VIRTUAL_ENV_PROMPT=(shaq_and_koby_venv) /usr/bin/cmake /home/ppha/shaq_and_koby_ws/robot_ws/src/abu_core -DCMAKE_INSTALL_PREFIX=/home/ppha/shaq_and_koby_ws/install/abu_core
[0.177s] -- The C compiler identification is GNU 13.3.0
[0.344s] -- The CXX compiler identification is GNU 13.3.0
[0.392s] -- Detecting C compiler ABI info
[0.593s] -- Detecting C compiler ABI info - done
[0.617s] -- Check for working C compiler: /usr/bin/cc - skipped
[0.618s] -- Detecting C compile features
[0.619s] -- Detecting C compile features - done
[0.645s] -- Detecting CXX compiler ABI info
[0.872s] -- Detecting CXX compiler ABI info - done
[0.886s] -- Check for working CXX compiler: /usr/bin/c++ - skipped
[0.887s] -- Detecting CXX compile features
[0.887s] -- Detecting CXX compile features - done
[0.901s] -- Found ament_cmake: 2.5.2 (/opt/ros/jazzy/share/ament_cmake/cmake)
[1.142s] -- Found Python3: /home/ppha/shaq_and_koby_ws/shaq_and_koby_venv/bin/python3 (found version "3.12.3") found components: Interpreter 
[1.385s] -- Found tf2: 0.36.4 (/opt/ros/jazzy/share/tf2/cmake)
[1.496s] -- Found rosidl_generator_c: 4.6.4 (/opt/ros/jazzy/share/rosidl_generator_c/cmake)
[1.532s] -- Found rosidl_generator_cpp: 4.6.4 (/opt/ros/jazzy/share/rosidl_generator_cpp/cmake)
[1.571s] -- Using all available rosidl_typesupport_c: rosidl_typesupport_fastrtps_c;rosidl_typesupport_introspection_c
[1.617s] -- Using all available rosidl_typesupport_cpp: rosidl_typesupport_fastrtps_cpp;rosidl_typesupport_introspection_cpp
[1.706s] -- Found rclpy: 7.1.2 (/opt/ros/jazzy/share/rclpy/cmake)
[1.711s] -- Found rclcpp: 28.1.5 (/opt/ros/jazzy/share/rclcpp/cmake)
[1.842s] -- Found rmw_implementation_cmake: 7.3.1 (/opt/ros/jazzy/share/rmw_implementation_cmake/cmake)
[1.849s] -- Found rmw_fastrtps_cpp: 8.4.1 (/opt/ros/jazzy/share/rmw_fastrtps_cpp/cmake)
[1.997s] -- Found OpenSSL: /usr/lib/x86_64-linux-gnu/libcrypto.so (found version "3.0.13")  
[2.036s] -- Found FastRTPS: /opt/ros/jazzy/include (Required is at least version "2.13") 
[2.079s] -- Using RMW implementation 'rmw_fastrtps_cpp' as default
[2.148s] Invoked command in '/home/ppha/shaq_and_koby_ws/build/abu_core' returned '-2': CMAKE_PREFIX_PATH=${CMAKE_PREFIX_PATH}:/opt/ros/jazzy DEBUGINFOD_URLS=https://debuginfod.ubuntu.com PS1=(shaq_and_koby_venv) \[\e]0;\u@\h: \w\a\]${debian_chroot:+($debian_chroot)}\[\033[01;32m\]\u@\h\[\033[00m\]:\[\033[01;34m\]\w\[\033[00m\]\$ VIRTUAL_ENV_PROMPT=(shaq_and_koby_venv) /usr/bin/cmake /home/ppha/shaq_and_koby_ws/robot_ws/src/abu_core -DCMAKE_INSTALL_PREFIX=/home/ppha/shaq_and_koby_ws/install/abu_core
