[0.007s] Invoking command in '/home/mrg/ABU/shaq_and_koby_ws/robot_ws/build/abu_core': CMAKE_PREFIX_PATH=${CMAKE_PREFIX_PATH}:/opt/ros/humble /usr/bin/cmake --build /home/mrg/ABU/shaq_and_koby_ws/robot_ws/build/abu_core -- -j16 -l16
[0.058s] Built target ament_cmake_python_copy_abu_core
[0.202s] running egg_info
[0.212s] writing abu_core.egg-info/PKG-INFO
[0.212s] writing dependency_links to abu_core.egg-info/dependency_links.txt
[0.212s] writing top-level names to abu_core.egg-info/top_level.txt
[0.237s] reading manifest file 'abu_core.egg-info/SOURCES.txt'
[0.238s] writing manifest file 'abu_core.egg-info/SOURCES.txt'
[0.256s] Built target ament_cmake_python_build_abu_core_egg
[0.263s] Invoked command in '/home/mrg/ABU/shaq_and_koby_ws/robot_ws/build/abu_core' returned '0': CMAKE_PREFIX_PATH=${CMAKE_PREFIX_PATH}:/opt/ros/humble /usr/bin/cmake --build /home/mrg/ABU/shaq_and_koby_ws/robot_ws/build/abu_core -- -j16 -l16
[0.295s] Invoking command in '/home/mrg/ABU/shaq_and_koby_ws/robot_ws/build/abu_core': CMAKE_PREFIX_PATH=${CMAKE_PREFIX_PATH}:/opt/ros/humble /usr/bin/cmake --install /home/mrg/ABU/shaq_and_koby_ws/robot_ws/build/abu_core
[0.303s] -- Install configuration: ""
[0.303s] -- Up-to-date: /home/mrg/ABU/shaq_and_koby_ws/robot_ws/install/abu_core/share/abu_core/launch
[0.303s] -- Up-to-date: /home/mrg/ABU/shaq_and_koby_ws/robot_ws/install/abu_core/share/abu_core/launch/microros.launch.py
[0.303s] -- Up-to-date: /home/mrg/ABU/shaq_and_koby_ws/robot_ws/install/abu_core/share/abu_core/launch/state.launch.py
[0.303s] -- Up-to-date: /home/mrg/ABU/shaq_and_koby_ws/robot_ws/install/abu_core/share/abu_core/launch/helloWorld.launch.py
[0.303s] -- Up-to-date: /home/mrg/ABU/shaq_and_koby_ws/robot_ws/install/abu_core/share/abu_core/launch/bot_bringup.launch.py
[0.304s] -- Up-to-date: /home/mrg/ABU/shaq_and_koby_ws/robot_ws/install/abu_core/share/abu_core/launch/navigate.launch.py
[0.304s] -- Up-to-date: /home/mrg/ABU/shaq_and_koby_ws/robot_ws/install/abu_core/share/abu_core/scripts
[0.304s] -- Up-to-date: /home/mrg/ABU/shaq_and_koby_ws/robot_ws/install/abu_core/share/abu_core/scripts/__init__.py
[0.304s] -- Up-to-date: /home/mrg/ABU/shaq_and_koby_ws/robot_ws/install/abu_core/share/abu_core/scripts/robot_main_state.py
[0.304s] -- Up-to-date: /home/mrg/ABU/shaq_and_koby_ws/robot_ws/install/abu_core/share/abu_core/scripts/keyboard_control.py
[0.304s] -- Up-to-date: /home/mrg/ABU/shaq_and_koby_ws/robot_ws/install/abu_core/share/abu_core/scripts/test_sub_cmd_vel.py
[0.304s] -- Installing: /home/mrg/ABU/shaq_and_koby_ws/robot_ws/install/abu_core/share/abu_core/scripts/helloworld.py
[0.304s] -- Up-to-date: /home/mrg/ABU/shaq_and_koby_ws/robot_ws/install/abu_core/share/abu_core/abu_core
[0.304s] -- Up-to-date: /home/mrg/ABU/shaq_and_koby_ws/robot_ws/install/abu_core/share/abu_core/abu_core/__init__.py
[0.304s] -- Up-to-date: /home/mrg/ABU/shaq_and_koby_ws/robot_ws/install/abu_core/share/abu_core/config
[0.304s] -- Up-to-date: /home/mrg/ABU/shaq_and_koby_ws/robot_ws/install/abu_core/share/abu_core/config/locations.yaml
[0.304s] -- Up-to-date: /home/mrg/ABU/shaq_and_koby_ws/robot_ws/install/abu_core/share/abu_core/environment/pythonpath.sh
[0.305s] -- Up-to-date: /home/mrg/ABU/shaq_and_koby_ws/robot_ws/install/abu_core/share/abu_core/environment/pythonpath.dsv
[0.305s] -- Up-to-date: /home/mrg/ABU/shaq_and_koby_ws/robot_ws/install/abu_core/local/lib/python3.10/dist-packages/abu_core-2.1.5-py3.10.egg-info
[0.305s] -- Installing: /home/mrg/ABU/shaq_and_koby_ws/robot_ws/install/abu_core/local/lib/python3.10/dist-packages/abu_core-2.1.5-py3.10.egg-info/PKG-INFO
[0.305s] -- Installing: /home/mrg/ABU/shaq_and_koby_ws/robot_ws/install/abu_core/local/lib/python3.10/dist-packages/abu_core-2.1.5-py3.10.egg-info/SOURCES.txt
[0.305s] -- Installing: /home/mrg/ABU/shaq_and_koby_ws/robot_ws/install/abu_core/local/lib/python3.10/dist-packages/abu_core-2.1.5-py3.10.egg-info/top_level.txt
[0.305s] -- Installing: /home/mrg/ABU/shaq_and_koby_ws/robot_ws/install/abu_core/local/lib/python3.10/dist-packages/abu_core-2.1.5-py3.10.egg-info/dependency_links.txt
[0.305s] -- Up-to-date: /home/mrg/ABU/shaq_and_koby_ws/robot_ws/install/abu_core/local/lib/python3.10/dist-packages/abu_core
[0.305s] -- Up-to-date: /home/mrg/ABU/shaq_and_koby_ws/robot_ws/install/abu_core/local/lib/python3.10/dist-packages/abu_core/__init__.py
[0.331s] Listing '/home/mrg/ABU/shaq_and_koby_ws/robot_ws/install/abu_core/local/lib/python3.10/dist-packages/abu_core'...
[0.334s] -- Up-to-date: /home/mrg/ABU/shaq_and_koby_ws/robot_ws/install/abu_core/lib/abu_core/robot_main_state.py
[0.334s] -- Installing: /home/mrg/ABU/shaq_and_koby_ws/robot_ws/install/abu_core/lib/abu_core/helloworld.py
[0.334s] -- Up-to-date: /home/mrg/ABU/shaq_and_koby_ws/robot_ws/install/abu_core/lib/abu_core/keyboard_control.py
[0.334s] -- Up-to-date: /home/mrg/ABU/shaq_and_koby_ws/robot_ws/install/abu_core/lib/abu_core/test_sub_cmd_vel.py
[0.334s] -- Up-to-date: /home/mrg/ABU/shaq_and_koby_ws/robot_ws/install/abu_core/lib/abu_core/src/controller.py
[0.334s] -- Up-to-date: /home/mrg/ABU/shaq_and_koby_ws/robot_ws/install/abu_core/lib/abu_core/src/utilize.py
[0.335s] -- Up-to-date: /home/mrg/ABU/shaq_and_koby_ws/robot_ws/install/abu_core/share/ament_index/resource_index/package_run_dependencies/abu_core
[0.335s] -- Up-to-date: /home/mrg/ABU/shaq_and_koby_ws/robot_ws/install/abu_core/share/ament_index/resource_index/parent_prefix_path/abu_core
[0.335s] -- Up-to-date: /home/mrg/ABU/shaq_and_koby_ws/robot_ws/install/abu_core/share/abu_core/environment/ament_prefix_path.sh
[0.335s] -- Up-to-date: /home/mrg/ABU/shaq_and_koby_ws/robot_ws/install/abu_core/share/abu_core/environment/ament_prefix_path.dsv
[0.335s] -- Up-to-date: /home/mrg/ABU/shaq_and_koby_ws/robot_ws/install/abu_core/share/abu_core/environment/path.sh
[0.335s] -- Up-to-date: /home/mrg/ABU/shaq_and_koby_ws/robot_ws/install/abu_core/share/abu_core/environment/path.dsv
[0.335s] -- Up-to-date: /home/mrg/ABU/shaq_and_koby_ws/robot_ws/install/abu_core/share/abu_core/local_setup.bash
[0.335s] -- Up-to-date: /home/mrg/ABU/shaq_and_koby_ws/robot_ws/install/abu_core/share/abu_core/local_setup.sh
[0.335s] -- Up-to-date: /home/mrg/ABU/shaq_and_koby_ws/robot_ws/install/abu_core/share/abu_core/local_setup.zsh
[0.335s] -- Up-to-date: /home/mrg/ABU/shaq_and_koby_ws/robot_ws/install/abu_core/share/abu_core/local_setup.dsv
[0.335s] -- Up-to-date: /home/mrg/ABU/shaq_and_koby_ws/robot_ws/install/abu_core/share/abu_core/package.dsv
[0.335s] -- Up-to-date: /home/mrg/ABU/shaq_and_koby_ws/robot_ws/install/abu_core/share/ament_index/resource_index/packages/abu_core
[0.335s] -- Up-to-date: /home/mrg/ABU/shaq_and_koby_ws/robot_ws/install/abu_core/share/abu_core/cmake/abu_coreConfig.cmake
[0.335s] -- Up-to-date: /home/mrg/ABU/shaq_and_koby_ws/robot_ws/install/abu_core/share/abu_core/cmake/abu_coreConfig-version.cmake
[0.335s] -- Up-to-date: /home/mrg/ABU/shaq_and_koby_ws/robot_ws/install/abu_core/share/abu_core/package.xml
[0.336s] Invoked command in '/home/mrg/ABU/shaq_and_koby_ws/robot_ws/build/abu_core' returned '0': CMAKE_PREFIX_PATH=${CMAKE_PREFIX_PATH}:/opt/ros/humble /usr/bin/cmake --install /home/mrg/ABU/shaq_and_koby_ws/robot_ws/build/abu_core
