[0.062s] DEBUG:colcon:Command line arguments: ['/usr/bin/colcon', 'build']
[0.063s] DEBUG:colcon:Parsed command line arguments: Namespace(log_base=None, log_level=None, verb_name='build', build_base='build', install_base='install', merge_install=False, symlink_install=False, test_result_base=None, continue_on_error=False, executor='parallel', parallel_workers=16, event_handlers=None, ignore_user_meta=False, metas=['./colcon.meta'], base_paths=['.'], packages_ignore=None, packages_ignore_regex=None, paths=None, packages_up_to=None, packages_up_to_regex=None, packages_above=None, packages_above_and_dependencies=None, packages_above_depth=None, packages_select_by_dep=None, packages_skip_by_dep=None, packages_skip_up_to=None, packages_select_build_failed=False, packages_skip_build_finished=False, packages_select_test_failures=False, packages_skip_test_passed=False, packages_select=None, packages_skip=None, packages_select_regex=None, packages_skip_regex=None, packages_start=None, packages_end=None, cmake_args=None, cmake_target=None, cmake_target_skip_unavailable=False, cmake_clean_cache=False, cmake_clean_first=False, cmake_force_configure=False, ament_cmake_args=None, catkin_cmake_args=None, catkin_skip_building_tests=False, verb_parser=<colcon_defaults.argument_parser.defaults.DefaultArgumentsDecorator object at 0x700c1c5faa80>, verb_extension=<colcon_core.verb.build.BuildVerb object at 0x700c1c5fa840>, main=<bound method BuildVerb.main of <colcon_core.verb.build.BuildVerb object at 0x700c1c5fa840>>)
[0.087s] Level 1:colcon.colcon_core.package_discovery:discover_packages(colcon_meta) check parameters
[0.087s] Level 1:colcon.colcon_core.package_discovery:discover_packages(recursive) check parameters
[0.087s] Level 1:colcon.colcon_core.package_discovery:discover_packages(ignore) check parameters
[0.087s] Level 1:colcon.colcon_core.package_discovery:discover_packages(path) check parameters
[0.087s] Level 1:colcon.colcon_core.package_discovery:discover_packages(colcon_meta) discover
[0.087s] Level 1:colcon.colcon_core.package_discovery:discover_packages(recursive) discover
[0.088s] INFO:colcon.colcon_core.package_discovery:Crawling recursively for packages in '/home/ppha/shaq_and_koby_ws/robot_ws'
[0.088s] Level 1:colcon.colcon_core.package_identification:_identify(.) by extensions ['ignore', 'ignore_ament_install']
[0.088s] Level 1:colcon.colcon_core.package_identification:_identify(.) by extension 'ignore'
[0.088s] Level 1:colcon.colcon_core.package_identification:_identify(.) by extension 'ignore_ament_install'
[0.088s] Level 1:colcon.colcon_core.package_identification:_identify(.) by extensions ['colcon_pkg']
[0.088s] Level 1:colcon.colcon_core.package_identification:_identify(.) by extension 'colcon_pkg'
[0.088s] Level 1:colcon.colcon_core.package_identification:_identify(.) by extensions ['colcon_meta']
[0.088s] Level 1:colcon.colcon_core.package_identification:_identify(.) by extension 'colcon_meta'
[0.088s] Level 1:colcon.colcon_core.package_identification:_identify(.) by extensions ['ros']
[0.088s] Level 1:colcon.colcon_core.package_identification:_identify(.) by extension 'ros'
[0.104s] Level 1:colcon.colcon_core.package_identification:_identify(.) by extensions ['cmake', 'python']
[0.104s] Level 1:colcon.colcon_core.package_identification:_identify(.) by extension 'cmake'
[0.104s] Level 1:colcon.colcon_core.package_identification:_identify(.) by extension 'python'
[0.104s] Level 1:colcon.colcon_core.package_identification:_identify(.) by extensions ['python_setup_py']
[0.104s] Level 1:colcon.colcon_core.package_identification:_identify(.) by extension 'python_setup_py'
[0.104s] Level 1:colcon.colcon_core.package_identification:_identify(build) by extensions ['ignore', 'ignore_ament_install']
[0.104s] Level 1:colcon.colcon_core.package_identification:_identify(build) by extension 'ignore'
[0.104s] Level 1:colcon.colcon_core.package_identification:_identify(build) ignored
[0.104s] Level 1:colcon.colcon_core.package_identification:_identify(install) by extensions ['ignore', 'ignore_ament_install']
[0.105s] Level 1:colcon.colcon_core.package_identification:_identify(install) by extension 'ignore'
[0.105s] Level 1:colcon.colcon_core.package_identification:_identify(install) ignored
[0.105s] Level 1:colcon.colcon_core.package_identification:_identify(log) by extensions ['ignore', 'ignore_ament_install']
[0.105s] Level 1:colcon.colcon_core.package_identification:_identify(log) by extension 'ignore'
[0.105s] Level 1:colcon.colcon_core.package_identification:_identify(log) ignored
[0.105s] Level 1:colcon.colcon_core.package_identification:_identify(src) by extensions ['ignore', 'ignore_ament_install']
[0.105s] Level 1:colcon.colcon_core.package_identification:_identify(src) by extension 'ignore'
[0.105s] Level 1:colcon.colcon_core.package_identification:_identify(src) by extension 'ignore_ament_install'
[0.105s] Level 1:colcon.colcon_core.package_identification:_identify(src) by extensions ['colcon_pkg']
[0.105s] Level 1:colcon.colcon_core.package_identification:_identify(src) by extension 'colcon_pkg'
[0.105s] Level 1:colcon.colcon_core.package_identification:_identify(src) by extensions ['colcon_meta']
[0.105s] Level 1:colcon.colcon_core.package_identification:_identify(src) by extension 'colcon_meta'
[0.105s] Level 1:colcon.colcon_core.package_identification:_identify(src) by extensions ['ros']
[0.105s] Level 1:colcon.colcon_core.package_identification:_identify(src) by extension 'ros'
[0.105s] Level 1:colcon.colcon_core.package_identification:_identify(src) by extensions ['cmake', 'python']
[0.105s] Level 1:colcon.colcon_core.package_identification:_identify(src) by extension 'cmake'
[0.105s] Level 1:colcon.colcon_core.package_identification:_identify(src) by extension 'python'
[0.105s] Level 1:colcon.colcon_core.package_identification:_identify(src) by extensions ['python_setup_py']
[0.105s] Level 1:colcon.colcon_core.package_identification:_identify(src) by extension 'python_setup_py'
[0.105s] Level 1:colcon.colcon_core.package_identification:_identify(src/abu_core) by extensions ['ignore', 'ignore_ament_install']
[0.105s] Level 1:colcon.colcon_core.package_identification:_identify(src/abu_core) by extension 'ignore'
[0.105s] Level 1:colcon.colcon_core.package_identification:_identify(src/abu_core) by extension 'ignore_ament_install'
[0.105s] Level 1:colcon.colcon_core.package_identification:_identify(src/abu_core) by extensions ['colcon_pkg']
[0.105s] Level 1:colcon.colcon_core.package_identification:_identify(src/abu_core) by extension 'colcon_pkg'
[0.105s] Level 1:colcon.colcon_core.package_identification:_identify(src/abu_core) by extensions ['colcon_meta']
[0.105s] Level 1:colcon.colcon_core.package_identification:_identify(src/abu_core) by extension 'colcon_meta'
[0.105s] Level 1:colcon.colcon_core.package_identification:_identify(src/abu_core) by extensions ['ros']
[0.105s] Level 1:colcon.colcon_core.package_identification:_identify(src/abu_core) by extension 'ros'
[0.107s] DEBUG:colcon.colcon_core.package_identification:Package 'src/abu_core' with type 'ros.ament_cmake' and name 'abu_core'
[0.107s] Level 1:colcon.colcon_core.package_discovery:discover_packages(recursive) using defaults
[0.107s] Level 1:colcon.colcon_core.package_discovery:discover_packages(ignore) discover
[0.107s] Level 1:colcon.colcon_core.package_discovery:discover_packages(ignore) using defaults
[0.107s] Level 1:colcon.colcon_core.package_discovery:discover_packages(path) discover
[0.107s] Level 1:colcon.colcon_core.package_discovery:discover_packages(path) using defaults
[0.119s] Level 5:colcon.colcon_core.verb:set package 'abu_core' build argument 'cmake_args' from command line to 'None'
[0.119s] Level 5:colcon.colcon_core.verb:set package 'abu_core' build argument 'cmake_target' from command line to 'None'
[0.119s] Level 5:colcon.colcon_core.verb:set package 'abu_core' build argument 'cmake_target_skip_unavailable' from command line to 'False'
[0.119s] Level 5:colcon.colcon_core.verb:set package 'abu_core' build argument 'cmake_clean_cache' from command line to 'False'
[0.119s] Level 5:colcon.colcon_core.verb:set package 'abu_core' build argument 'cmake_clean_first' from command line to 'False'
[0.119s] Level 5:colcon.colcon_core.verb:set package 'abu_core' build argument 'cmake_force_configure' from command line to 'False'
[0.119s] Level 5:colcon.colcon_core.verb:set package 'abu_core' build argument 'ament_cmake_args' from command line to 'None'
[0.119s] Level 5:colcon.colcon_core.verb:set package 'abu_core' build argument 'catkin_cmake_args' from command line to 'None'
[0.119s] Level 5:colcon.colcon_core.verb:set package 'abu_core' build argument 'catkin_skip_building_tests' from command line to 'False'
[0.119s] DEBUG:colcon.colcon_core.verb:Building package 'abu_core' with the following arguments: {'ament_cmake_args': None, 'build_base': '/home/ppha/shaq_and_koby_ws/robot_ws/build/abu_core', 'catkin_cmake_args': None, 'catkin_skip_building_tests': False, 'cmake_args': None, 'cmake_clean_cache': False, 'cmake_clean_first': False, 'cmake_force_configure': False, 'cmake_target': None, 'cmake_target_skip_unavailable': False, 'install_base': '/home/ppha/shaq_and_koby_ws/robot_ws/install/abu_core', 'merge_install': False, 'path': '/home/ppha/shaq_and_koby_ws/robot_ws/src/abu_core', 'symlink_install': False, 'test_result_base': None}
[0.119s] INFO:colcon.colcon_core.executor:Executing jobs using 'parallel' executor
[0.120s] DEBUG:colcon.colcon_parallel_executor.executor.parallel:run_until_complete
[0.120s] INFO:colcon.colcon_ros.task.ament_cmake.build:Building ROS package in '/home/ppha/shaq_and_koby_ws/robot_ws/src/abu_core' with build type 'ament_cmake'
[0.120s] INFO:colcon.colcon_cmake.task.cmake.build:Building CMake package in '/home/ppha/shaq_and_koby_ws/robot_ws/src/abu_core'
[0.121s] INFO:colcon.colcon_core.plugin_system:Skipping extension 'colcon_core.shell.bat': Not used on non-Windows systems
[0.121s] DEBUG:colcon.colcon_core.shell:Skip shell extension 'dsv' for command environment
[0.129s] DEBUG:colcon.colcon_core.event_handler.log_command:Invoking command in '/home/ppha/shaq_and_koby_ws/robot_ws/build/abu_core': CMAKE_PREFIX_PATH=${CMAKE_PREFIX_PATH}:/opt/ros/jazzy DEBUGINFOD_URLS=https://debuginfod.ubuntu.com /usr/bin/cmake /home/ppha/shaq_and_koby_ws/robot_ws/src/abu_core -DCMAKE_INSTALL_PREFIX=/home/ppha/shaq_and_koby_ws/robot_ws/install/abu_core
[0.824s] DEBUG:colcon.colcon_core.event_handler.log_command:Invoked command in '/home/ppha/shaq_and_koby_ws/robot_ws/build/abu_core' returned '0': CMAKE_PREFIX_PATH=${CMAKE_PREFIX_PATH}:/opt/ros/jazzy DEBUGINFOD_URLS=https://debuginfod.ubuntu.com /usr/bin/cmake /home/ppha/shaq_and_koby_ws/robot_ws/src/abu_core -DCMAKE_INSTALL_PREFIX=/home/ppha/shaq_and_koby_ws/robot_ws/install/abu_core
[0.825s] DEBUG:colcon.colcon_core.event_handler.log_command:Invoking command in '/home/ppha/shaq_and_koby_ws/robot_ws/build/abu_core': CMAKE_PREFIX_PATH=${CMAKE_PREFIX_PATH}:/opt/ros/jazzy DEBUGINFOD_URLS=https://debuginfod.ubuntu.com /usr/bin/cmake --build /home/ppha/shaq_and_koby_ws/robot_ws/build/abu_core -- -j16 -l16
[1.084s] DEBUG:colcon.colcon_core.event_handler.log_command:Invoked command in '/home/ppha/shaq_and_koby_ws/robot_ws/build/abu_core' returned '0': CMAKE_PREFIX_PATH=${CMAKE_PREFIX_PATH}:/opt/ros/jazzy DEBUGINFOD_URLS=https://debuginfod.ubuntu.com /usr/bin/cmake --build /home/ppha/shaq_and_koby_ws/robot_ws/build/abu_core -- -j16 -l16
[1.091s] DEBUG:colcon.colcon_core.event_handler.log_command:Invoking command in '/home/ppha/shaq_and_koby_ws/robot_ws/build/abu_core': CMAKE_PREFIX_PATH=${CMAKE_PREFIX_PATH}:/opt/ros/jazzy DEBUGINFOD_URLS=https://debuginfod.ubuntu.com /usr/bin/cmake --install /home/ppha/shaq_and_koby_ws/robot_ws/build/abu_core
[1.131s] Level 1:colcon.colcon_core.environment:create_environment_scripts_only(abu_core)
[1.131s] DEBUG:colcon.colcon_core.event_handler.log_command:Invoked command in '/home/ppha/shaq_and_koby_ws/robot_ws/build/abu_core' returned '0': CMAKE_PREFIX_PATH=${CMAKE_PREFIX_PATH}:/opt/ros/jazzy DEBUGINFOD_URLS=https://debuginfod.ubuntu.com /usr/bin/cmake --install /home/ppha/shaq_and_koby_ws/robot_ws/build/abu_core
[1.134s] Level 1:colcon.colcon_core.environment:checking '/home/ppha/shaq_and_koby_ws/robot_ws/install/abu_core' for CMake module files
[1.135s] Level 1:colcon.colcon_core.environment:checking '/home/ppha/shaq_and_koby_ws/robot_ws/install/abu_core' for CMake config files
[1.136s] Level 1:colcon.colcon_core.shell:create_environment_hook('abu_core', 'cmake_prefix_path')
[1.136s] INFO:colcon.colcon_core.shell:Creating environment descriptor '/home/ppha/shaq_and_koby_ws/robot_ws/install/abu_core/share/abu_core/hook/cmake_prefix_path.dsv'
[1.137s] INFO:colcon.colcon_core.shell:Creating environment hook '/home/ppha/shaq_and_koby_ws/robot_ws/install/abu_core/share/abu_core/hook/cmake_prefix_path.sh'
[1.138s] Level 1:colcon.colcon_core.environment:checking '/home/ppha/shaq_and_koby_ws/robot_ws/install/abu_core/lib'
[1.139s] Level 1:colcon.colcon_core.environment:checking '/home/ppha/shaq_and_koby_ws/robot_ws/install/abu_core/bin'
[1.139s] Level 1:colcon.colcon_core.environment:checking '/home/ppha/shaq_and_koby_ws/robot_ws/install/abu_core/lib/pkgconfig/abu_core.pc'
[1.142s] Level 1:colcon.colcon_core.environment:checking '/home/ppha/shaq_and_koby_ws/robot_ws/install/abu_core/lib/python3.12/site-packages'
[1.142s] Level 1:colcon.colcon_core.shell:create_environment_hook('abu_core', 'pythonpath')
[1.142s] INFO:colcon.colcon_core.shell:Creating environment descriptor '/home/ppha/shaq_and_koby_ws/robot_ws/install/abu_core/share/abu_core/hook/pythonpath.dsv'
[1.143s] INFO:colcon.colcon_core.shell:Creating environment hook '/home/ppha/shaq_and_koby_ws/robot_ws/install/abu_core/share/abu_core/hook/pythonpath.sh'
[1.143s] Level 1:colcon.colcon_core.environment:checking '/home/ppha/shaq_and_koby_ws/robot_ws/install/abu_core/bin'
[1.144s] INFO:colcon.colcon_core.shell:Creating package descriptor '/home/ppha/shaq_and_koby_ws/robot_ws/install/abu_core/share/abu_core/package.dsv'
[1.144s] INFO:colcon.colcon_core.shell:Creating package script '/home/ppha/shaq_and_koby_ws/robot_ws/install/abu_core/share/abu_core/package.sh'
[1.145s] INFO:colcon.colcon_core.shell:Creating package script '/home/ppha/shaq_and_koby_ws/robot_ws/install/abu_core/share/abu_core/package.bash'
[1.146s] INFO:colcon.colcon_core.shell:Creating package script '/home/ppha/shaq_and_koby_ws/robot_ws/install/abu_core/share/abu_core/package.zsh'
[1.147s] Level 1:colcon.colcon_core.environment:create_file_with_runtime_dependencies(/home/ppha/shaq_and_koby_ws/robot_ws/install/abu_core/share/colcon-core/packages/abu_core)
[1.148s] Level 1:colcon.colcon_core.environment:create_environment_scripts_only(abu_core)
[1.148s] Level 1:colcon.colcon_core.environment:checking '/home/ppha/shaq_and_koby_ws/robot_ws/install/abu_core' for CMake module files
[1.149s] Level 1:colcon.colcon_core.environment:checking '/home/ppha/shaq_and_koby_ws/robot_ws/install/abu_core' for CMake config files
[1.150s] Level 1:colcon.colcon_core.shell:create_environment_hook('abu_core', 'cmake_prefix_path')
[1.150s] INFO:colcon.colcon_core.shell:Creating environment descriptor '/home/ppha/shaq_and_koby_ws/robot_ws/install/abu_core/share/abu_core/hook/cmake_prefix_path.dsv'
[1.151s] INFO:colcon.colcon_core.shell:Creating environment hook '/home/ppha/shaq_and_koby_ws/robot_ws/install/abu_core/share/abu_core/hook/cmake_prefix_path.sh'
[1.152s] Level 1:colcon.colcon_core.environment:checking '/home/ppha/shaq_and_koby_ws/robot_ws/install/abu_core/lib'
[1.152s] Level 1:colcon.colcon_core.environment:checking '/home/ppha/shaq_and_koby_ws/robot_ws/install/abu_core/bin'
[1.152s] Level 1:colcon.colcon_core.environment:checking '/home/ppha/shaq_and_koby_ws/robot_ws/install/abu_core/lib/pkgconfig/abu_core.pc'
[1.152s] Level 1:colcon.colcon_core.environment:checking '/home/ppha/shaq_and_koby_ws/robot_ws/install/abu_core/lib/python3.12/site-packages'
[1.152s] Level 1:colcon.colcon_core.shell:create_environment_hook('abu_core', 'pythonpath')
[1.152s] INFO:colcon.colcon_core.shell:Creating environment descriptor '/home/ppha/shaq_and_koby_ws/robot_ws/install/abu_core/share/abu_core/hook/pythonpath.dsv'
[1.153s] INFO:colcon.colcon_core.shell:Creating environment hook '/home/ppha/shaq_and_koby_ws/robot_ws/install/abu_core/share/abu_core/hook/pythonpath.sh'
[1.154s] Level 1:colcon.colcon_core.environment:checking '/home/ppha/shaq_and_koby_ws/robot_ws/install/abu_core/bin'
[1.154s] INFO:colcon.colcon_core.shell:Creating package descriptor '/home/ppha/shaq_and_koby_ws/robot_ws/install/abu_core/share/abu_core/package.dsv'
[1.155s] INFO:colcon.colcon_core.shell:Creating package script '/home/ppha/shaq_and_koby_ws/robot_ws/install/abu_core/share/abu_core/package.sh'
[1.155s] INFO:colcon.colcon_core.shell:Creating package script '/home/ppha/shaq_and_koby_ws/robot_ws/install/abu_core/share/abu_core/package.bash'
[1.156s] INFO:colcon.colcon_core.shell:Creating package script '/home/ppha/shaq_and_koby_ws/robot_ws/install/abu_core/share/abu_core/package.zsh'
[1.157s] Level 1:colcon.colcon_core.environment:create_file_with_runtime_dependencies(/home/ppha/shaq_and_koby_ws/robot_ws/install/abu_core/share/colcon-core/packages/abu_core)
[1.157s] DEBUG:colcon.colcon_parallel_executor.executor.parallel:closing loop
[1.158s] DEBUG:colcon.colcon_parallel_executor.executor.parallel:loop closed
[1.158s] DEBUG:colcon.colcon_parallel_executor.executor.parallel:run_until_complete finished with '0'
[1.158s] DEBUG:colcon.colcon_core.event_reactor:joining thread
[1.162s] INFO:colcon.colcon_core.plugin_system:Skipping extension 'colcon_notification.desktop_notification.terminal_notifier': Not used on non-Darwin systems
[1.162s] INFO:colcon.colcon_core.plugin_system:Skipping extension 'colcon_notification.desktop_notification.win32': Not used on non-Windows systems
[1.162s] INFO:colcon.colcon_notification.desktop_notification:Sending desktop notification using 'notify2'
[1.176s] DEBUG:colcon.colcon_core.event_reactor:joined thread
[1.176s] INFO:colcon.colcon_core.shell:Creating prefix script '/home/ppha/shaq_and_koby_ws/robot_ws/install/local_setup.sh'
[1.177s] INFO:colcon.colcon_core.shell:Creating prefix util module '/home/ppha/shaq_and_koby_ws/robot_ws/install/_local_setup_util_sh.py'
[1.178s] INFO:colcon.colcon_core.shell:Creating prefix chain script '/home/ppha/shaq_and_koby_ws/robot_ws/install/setup.sh'
[1.179s] INFO:colcon.colcon_core.shell:Creating prefix script '/home/ppha/shaq_and_koby_ws/robot_ws/install/local_setup.bash'
[1.179s] INFO:colcon.colcon_core.shell:Creating prefix chain script '/home/ppha/shaq_and_koby_ws/robot_ws/install/setup.bash'
[1.180s] INFO:colcon.colcon_core.shell:Creating prefix script '/home/ppha/shaq_and_koby_ws/robot_ws/install/local_setup.zsh'
[1.181s] INFO:colcon.colcon_core.shell:Creating prefix chain script '/home/ppha/shaq_and_koby_ws/robot_ws/install/setup.zsh'
