-- The C compiler identification is GNU 11.4.0
-- The CXX compiler identification is GNU 11.4.0
-- Detecting C compiler ABI info
-- Detecting C compiler ABI info - done
-- Check for working C compiler: /usr/bin/cc - skipped
-- Detecting C compile features
-- Detecting C compile features - done
-- Detecting CXX compiler ABI info
-- Detecting CXX compiler ABI info - done
-- Check for working CXX compiler: /usr/bin/c++ - skipped
-- Detecting CXX compile features
-- Detecting CXX compile features - done
-- Found ament_cmake: 1.3.10 (/opt/ros/humble/share/ament_cmake/cmake)
-- Found Python3: /usr/bin/python3 (found version "3.10.12") found components: Interpreter 
-- Found tf2: 0.25.8 (/opt/ros/humble/share/tf2/cmake)
-- Found rosidl_generator_c: 3.1.5 (/opt/ros/humble/share/rosidl_generator_c/cmake)
-- Found rosidl_adapter: 3.1.5 (/opt/ros/humble/share/rosidl_adapter/cmake)
-- Found rosidl_generator_cpp: 3.1.5 (/opt/ros/humble/share/rosidl_generator_cpp/cmake)
-- Using all available rosidl_typesupport_c: rosidl_typesupport_fastrtps_c;rosidl_typesupport_introspection_c
-- Using all available rosidl_typesupport_cpp: rosidl_typesupport_fastrtps_cpp;rosidl_typesupport_introspection_cpp
-- Found rclpy: 3.3.14 (/opt/ros/humble/share/rclpy/cmake)
-- Found rclcpp: 16.0.10 (/opt/ros/humble/share/rclcpp/cmake)
-- Found rmw_implementation_cmake: 6.1.2 (/opt/ros/humble/share/rmw_implementation_cmake/cmake)
-- Found rmw_fastrtps_cpp: 6.2.7 (/opt/ros/humble/share/rmw_fastrtps_cpp/cmake)
-- Found OpenSSL: /usr/lib/x86_64-linux-gnu/libcrypto.so (found version "3.0.2")  
-- Found FastRTPS: /opt/ros/humble/include  
-- Using RMW implementation 'rmw_fastrtps_cpp' as default
-- Looking for pthread.h
-- Looking for pthread.h - found
-- Performing Test CMAKE_HAVE_LIBC_PTHREAD
-- Performing Test CMAKE_HAVE_LIBC_PTHREAD - Success
-- Found Threads: TRUE  
-- Found nav2_msgs: 1.1.17 (/opt/ros/humble/share/nav2_msgs/cmake)
-- Found rclcpp_action: 16.0.10 (/opt/ros/humble/share/rclcpp_action/cmake)
-- Found tf2_geometry_msgs: 0.25.8 (/opt/ros/humble/share/tf2_geometry_msgs/cmake)
-- Found eigen3_cmake_module: 0.1.1 (/opt/ros/humble/share/eigen3_cmake_module/cmake)
-- Found Eigen3: TRUE (found version "3.4.0") 
-- Ensuring Eigen3 include directory is part of orocos-kdl CMake target
-- Found ament_lint_auto: 0.12.11 (/opt/ros/humble/share/ament_lint_auto/cmake)
-- Configuring done
-- Generating done
-- Build files have been written to: /home/mrg/ABU/shaq_and_koby_ws/robot_ws/build/abu_core
Built target ament_cmake_python_copy_abu_core
running egg_info
creating abu_core.egg-info
writing abu_core.egg-info/PKG-INFO
writing dependency_links to abu_core.egg-info/dependency_links.txt
writing top-level names to abu_core.egg-info/top_level.txt
writing manifest file 'abu_core.egg-info/SOURCES.txt'
reading manifest file 'abu_core.egg-info/SOURCES.txt'
writing manifest file 'abu_core.egg-info/SOURCES.txt'
Built target ament_cmake_python_build_abu_core_egg
-- Install configuration: ""
-- Installing: /home/mrg/ABU/shaq_and_koby_ws/robot_ws/install/abu_core/share/abu_core/launch
-- Installing: /home/mrg/ABU/shaq_and_koby_ws/robot_ws/install/abu_core/share/abu_core/launch/microros.launch.py
-- Installing: /home/mrg/ABU/shaq_and_koby_ws/robot_ws/install/abu_core/share/abu_core/launch/state.launch.py
-- Installing: /home/mrg/ABU/shaq_and_koby_ws/robot_ws/install/abu_core/share/abu_core/launch/helloWorld.launch.py
-- Installing: /home/mrg/ABU/shaq_and_koby_ws/robot_ws/install/abu_core/share/abu_core/launch/bot_bringup.launch.py
-- Installing: /home/mrg/ABU/shaq_and_koby_ws/robot_ws/install/abu_core/share/abu_core/launch/navigate.launch.py
-- Installing: /home/mrg/ABU/shaq_and_koby_ws/robot_ws/install/abu_core/share/abu_core/scripts
-- Installing: /home/mrg/ABU/shaq_and_koby_ws/robot_ws/install/abu_core/share/abu_core/scripts/__init__.py
-- Installing: /home/mrg/ABU/shaq_and_koby_ws/robot_ws/install/abu_core/share/abu_core/scripts/robot_main_state.py
-- Installing: /home/mrg/ABU/shaq_and_koby_ws/robot_ws/install/abu_core/share/abu_core/scripts/keyboard_control.py
-- Installing: /home/mrg/ABU/shaq_and_koby_ws/robot_ws/install/abu_core/share/abu_core/scripts/test_sub_cmd_vel.py
-- Installing: /home/mrg/ABU/shaq_and_koby_ws/robot_ws/install/abu_core/share/abu_core/scripts/helloworld.py
-- Installing: /home/mrg/ABU/shaq_and_koby_ws/robot_ws/install/abu_core/share/abu_core/abu_core
-- Installing: /home/mrg/ABU/shaq_and_koby_ws/robot_ws/install/abu_core/share/abu_core/abu_core/__init__.py
-- Installing: /home/mrg/ABU/shaq_and_koby_ws/robot_ws/install/abu_core/share/abu_core/config
-- Installing: /home/mrg/ABU/shaq_and_koby_ws/robot_ws/install/abu_core/share/abu_core/config/locations.yaml
-- Installing: /home/mrg/ABU/shaq_and_koby_ws/robot_ws/install/abu_core/share/abu_core/environment/pythonpath.sh
-- Installing: /home/mrg/ABU/shaq_and_koby_ws/robot_ws/install/abu_core/share/abu_core/environment/pythonpath.dsv
-- Installing: /home/mrg/ABU/shaq_and_koby_ws/robot_ws/install/abu_core/local/lib/python3.10/dist-packages/abu_core-2.1.5-py3.10.egg-info
-- Installing: /home/mrg/ABU/shaq_and_koby_ws/robot_ws/install/abu_core/local/lib/python3.10/dist-packages/abu_core-2.1.5-py3.10.egg-info/PKG-INFO
-- Installing: /home/mrg/ABU/shaq_and_koby_ws/robot_ws/install/abu_core/local/lib/python3.10/dist-packages/abu_core-2.1.5-py3.10.egg-info/SOURCES.txt
-- Installing: /home/mrg/ABU/shaq_and_koby_ws/robot_ws/install/abu_core/local/lib/python3.10/dist-packages/abu_core-2.1.5-py3.10.egg-info/top_level.txt
-- Installing: /home/mrg/ABU/shaq_and_koby_ws/robot_ws/install/abu_core/local/lib/python3.10/dist-packages/abu_core-2.1.5-py3.10.egg-info/dependency_links.txt
-- Installing: /home/mrg/ABU/shaq_and_koby_ws/robot_ws/install/abu_core/local/lib/python3.10/dist-packages/abu_core
-- Installing: /home/mrg/ABU/shaq_and_koby_ws/robot_ws/install/abu_core/local/lib/python3.10/dist-packages/abu_core/__init__.py
Listing '/home/mrg/ABU/shaq_and_koby_ws/robot_ws/install/abu_core/local/lib/python3.10/dist-packages/abu_core'...
Compiling '/home/mrg/ABU/shaq_and_koby_ws/robot_ws/install/abu_core/local/lib/python3.10/dist-packages/abu_core/__init__.py'...
-- Installing: /home/mrg/ABU/shaq_and_koby_ws/robot_ws/install/abu_core/lib/abu_core/robot_main_state.py
-- Installing: /home/mrg/ABU/shaq_and_koby_ws/robot_ws/install/abu_core/lib/abu_core/helloworld.py
-- Installing: /home/mrg/ABU/shaq_and_koby_ws/robot_ws/install/abu_core/lib/abu_core/keyboard_control.py
-- Installing: /home/mrg/ABU/shaq_and_koby_ws/robot_ws/install/abu_core/lib/abu_core/test_sub_cmd_vel.py
-- Installing: /home/mrg/ABU/shaq_and_koby_ws/robot_ws/install/abu_core/lib/abu_core/src/controller.py
-- Installing: /home/mrg/ABU/shaq_and_koby_ws/robot_ws/install/abu_core/lib/abu_core/src/utilize.py
-- Installing: /home/mrg/ABU/shaq_and_koby_ws/robot_ws/install/abu_core/share/ament_index/resource_index/package_run_dependencies/abu_core
-- Installing: /home/mrg/ABU/shaq_and_koby_ws/robot_ws/install/abu_core/share/ament_index/resource_index/parent_prefix_path/abu_core
-- Installing: /home/mrg/ABU/shaq_and_koby_ws/robot_ws/install/abu_core/share/abu_core/environment/ament_prefix_path.sh
-- Installing: /home/mrg/ABU/shaq_and_koby_ws/robot_ws/install/abu_core/share/abu_core/environment/ament_prefix_path.dsv
-- Installing: /home/mrg/ABU/shaq_and_koby_ws/robot_ws/install/abu_core/share/abu_core/environment/path.sh
-- Installing: /home/mrg/ABU/shaq_and_koby_ws/robot_ws/install/abu_core/share/abu_core/environment/path.dsv
-- Installing: /home/mrg/ABU/shaq_and_koby_ws/robot_ws/install/abu_core/share/abu_core/local_setup.bash
-- Installing: /home/mrg/ABU/shaq_and_koby_ws/robot_ws/install/abu_core/share/abu_core/local_setup.sh
-- Installing: /home/mrg/ABU/shaq_and_koby_ws/robot_ws/install/abu_core/share/abu_core/local_setup.zsh
-- Installing: /home/mrg/ABU/shaq_and_koby_ws/robot_ws/install/abu_core/share/abu_core/local_setup.dsv
-- Installing: /home/mrg/ABU/shaq_and_koby_ws/robot_ws/install/abu_core/share/abu_core/package.dsv
-- Installing: /home/mrg/ABU/shaq_and_koby_ws/robot_ws/install/abu_core/share/ament_index/resource_index/packages/abu_core
-- Installing: /home/mrg/ABU/shaq_and_koby_ws/robot_ws/install/abu_core/share/abu_core/cmake/abu_coreConfig.cmake
-- Installing: /home/mrg/ABU/shaq_and_koby_ws/robot_ws/install/abu_core/share/abu_core/cmake/abu_coreConfig-version.cmake
-- Installing: /home/mrg/ABU/shaq_and_koby_ws/robot_ws/install/abu_core/share/abu_core/package.xml
