[0.005s] Invoking command in '/home/mrg/ABU/shaq_and_koby_ws/robot_ws/build/abu_core': CMAKE_PREFIX_PATH=/opt/ros/humble /usr/bin/cmake /home/mrg/ABU/shaq_and_koby_ws/robot_ws/src/abu_core -DCMAKE_INSTALL_PREFIX=/home/mrg/ABU/shaq_and_koby_ws/robot_ws/install/abu_core
[0.054s] -- The C compiler identification is GNU 11.4.0
[0.098s] -- The CXX compiler identification is GNU 11.4.0
[0.103s] -- Detecting C compiler ABI info
[0.156s] -- Detecting C compiler ABI info - done
[0.164s] -- Check for working C compiler: /usr/bin/cc - skipped
[0.164s] -- Detecting C compile features
[0.164s] -- Detecting C compile features - done
[0.167s] -- Detecting CXX compiler ABI info
[0.245s] -- Detecting CXX compiler ABI info - done
[0.250s] -- Check for working CXX compiler: /usr/bin/c++ - skipped
[0.250s] -- Detecting CXX compile features
[0.250s] -- Detecting CXX compile features - done
[0.252s] -- Found ament_cmake: 1.3.10 (/opt/ros/humble/share/ament_cmake/cmake)
[0.522s] -- Found Python3: /usr/bin/python3 (found version "3.10.12") found components: Interpreter 
[0.576s] -- Found tf2: 0.25.8 (/opt/ros/humble/share/tf2/cmake)
[0.600s] -- Found rosidl_generator_c: 3.1.5 (/opt/ros/humble/share/rosidl_generator_c/cmake)
[0.603s] -- Found rosidl_adapter: 3.1.5 (/opt/ros/humble/share/rosidl_adapter/cmake)
[0.608s] -- Found rosidl_generator_cpp: 3.1.5 (/opt/ros/humble/share/rosidl_generator_cpp/cmake)
[0.615s] -- Using all available rosidl_typesupport_c: rosidl_typesupport_fastrtps_c;rosidl_typesupport_introspection_c
[0.624s] -- Using all available rosidl_typesupport_cpp: rosidl_typesupport_fastrtps_cpp;rosidl_typesupport_introspection_cpp
[0.651s] -- Found rclpy: 3.3.14 (/opt/ros/humble/share/rclpy/cmake)
[0.652s] -- Found rclcpp: 16.0.10 (/opt/ros/humble/share/rclcpp/cmake)
[0.673s] -- Found rmw_implementation_cmake: 6.1.2 (/opt/ros/humble/share/rmw_implementation_cmake/cmake)
[0.674s] -- Found rmw_fastrtps_cpp: 6.2.7 (/opt/ros/humble/share/rmw_fastrtps_cpp/cmake)
[0.737s] -- Found OpenSSL: /usr/lib/x86_64-linux-gnu/libcrypto.so (found version "3.0.2")  
[0.758s] -- Found FastRTPS: /opt/ros/humble/include  
[0.783s] -- Using RMW implementation 'rmw_fastrtps_cpp' as default
[0.787s] -- Looking for pthread.h
[0.836s] -- Looking for pthread.h - found
[0.836s] -- Performing Test CMAKE_HAVE_LIBC_PTHREAD
[0.885s] -- Performing Test CMAKE_HAVE_LIBC_PTHREAD - Success
[0.886s] -- Found Threads: TRUE  
[0.910s] -- Found nav2_msgs: 1.1.17 (/opt/ros/humble/share/nav2_msgs/cmake)
[0.951s] -- Found rclcpp_action: 16.0.10 (/opt/ros/humble/share/rclcpp_action/cmake)
[0.957s] -- Found tf2_geometry_msgs: 0.25.8 (/opt/ros/humble/share/tf2_geometry_msgs/cmake)
[0.964s] -- Found eigen3_cmake_module: 0.1.1 (/opt/ros/humble/share/eigen3_cmake_module/cmake)
[0.965s] -- Found Eigen3: TRUE (found version "3.4.0") 
[0.965s] -- Ensuring Eigen3 include directory is part of orocos-kdl CMake target
[1.065s] -- Found ament_lint_auto: 0.12.11 (/opt/ros/humble/share/ament_lint_auto/cmake)
[1.118s] -- Configuring done
[1.121s] -- Generating done
[1.122s] -- Build files have been written to: /home/mrg/ABU/shaq_and_koby_ws/robot_ws/build/abu_core
[1.128s] Invoked command in '/home/mrg/ABU/shaq_and_koby_ws/robot_ws/build/abu_core' returned '0': CMAKE_PREFIX_PATH=/opt/ros/humble /usr/bin/cmake /home/mrg/ABU/shaq_and_koby_ws/robot_ws/src/abu_core -DCMAKE_INSTALL_PREFIX=/home/mrg/ABU/shaq_and_koby_ws/robot_ws/install/abu_core
[1.129s] Invoking command in '/home/mrg/ABU/shaq_and_koby_ws/robot_ws/build/abu_core': CMAKE_PREFIX_PATH=/opt/ros/humble /usr/bin/cmake --build /home/mrg/ABU/shaq_and_koby_ws/robot_ws/build/abu_core -- -j16 -l16
[1.169s] Built target ament_cmake_python_copy_abu_core
[1.296s] running egg_info
[1.304s] creating abu_core.egg-info
[1.305s] writing abu_core.egg-info/PKG-INFO
[1.305s] writing dependency_links to abu_core.egg-info/dependency_links.txt
[1.305s] writing top-level names to abu_core.egg-info/top_level.txt
[1.305s] writing manifest file 'abu_core.egg-info/SOURCES.txt'
[1.330s] reading manifest file 'abu_core.egg-info/SOURCES.txt'
[1.330s] writing manifest file 'abu_core.egg-info/SOURCES.txt'
[1.348s] Built target ament_cmake_python_build_abu_core_egg
[1.358s] Invoked command in '/home/mrg/ABU/shaq_and_koby_ws/robot_ws/build/abu_core' returned '0': CMAKE_PREFIX_PATH=/opt/ros/humble /usr/bin/cmake --build /home/mrg/ABU/shaq_and_koby_ws/robot_ws/build/abu_core -- -j16 -l16
[1.386s] Invoking command in '/home/mrg/ABU/shaq_and_koby_ws/robot_ws/build/abu_core': CMAKE_PREFIX_PATH=/opt/ros/humble /usr/bin/cmake --install /home/mrg/ABU/shaq_and_koby_ws/robot_ws/build/abu_core
[1.394s] -- Install configuration: ""
[1.394s] -- Installing: /home/mrg/ABU/shaq_and_koby_ws/robot_ws/install/abu_core/share/abu_core/launch
[1.394s] -- Installing: /home/mrg/ABU/shaq_and_koby_ws/robot_ws/install/abu_core/share/abu_core/launch/microros.launch.py
[1.394s] -- Installing: /home/mrg/ABU/shaq_and_koby_ws/robot_ws/install/abu_core/share/abu_core/launch/state.launch.py
[1.394s] -- Installing: /home/mrg/ABU/shaq_and_koby_ws/robot_ws/install/abu_core/share/abu_core/launch/helloWorld.launch.py
[1.394s] -- Installing: /home/mrg/ABU/shaq_and_koby_ws/robot_ws/install/abu_core/share/abu_core/launch/bot_bringup.launch.py
[1.394s] -- Installing: /home/mrg/ABU/shaq_and_koby_ws/robot_ws/install/abu_core/share/abu_core/launch/navigate.launch.py
[1.394s] -- Installing: /home/mrg/ABU/shaq_and_koby_ws/robot_ws/install/abu_core/share/abu_core/scripts
[1.394s] -- Installing: /home/mrg/ABU/shaq_and_koby_ws/robot_ws/install/abu_core/share/abu_core/scripts/__init__.py
[1.395s] -- Installing: /home/mrg/ABU/shaq_and_koby_ws/robot_ws/install/abu_core/share/abu_core/scripts/robot_main_state.py
[1.395s] -- Installing: /home/mrg/ABU/shaq_and_koby_ws/robot_ws/install/abu_core/share/abu_core/scripts/keyboard_control.py
[1.395s] -- Installing: /home/mrg/ABU/shaq_and_koby_ws/robot_ws/install/abu_core/share/abu_core/scripts/test_sub_cmd_vel.py
[1.395s] -- Installing: /home/mrg/ABU/shaq_and_koby_ws/robot_ws/install/abu_core/share/abu_core/scripts/helloworld.py
[1.395s] -- Installing: /home/mrg/ABU/shaq_and_koby_ws/robot_ws/install/abu_core/share/abu_core/abu_core
[1.395s] -- Installing: /home/mrg/ABU/shaq_and_koby_ws/robot_ws/install/abu_core/share/abu_core/abu_core/__init__.py
[1.395s] -- Installing: /home/mrg/ABU/shaq_and_koby_ws/robot_ws/install/abu_core/share/abu_core/config
[1.395s] -- Installing: /home/mrg/ABU/shaq_and_koby_ws/robot_ws/install/abu_core/share/abu_core/config/locations.yaml
[1.395s] -- Installing: /home/mrg/ABU/shaq_and_koby_ws/robot_ws/install/abu_core/share/abu_core/environment/pythonpath.sh
[1.395s] -- Installing: /home/mrg/ABU/shaq_and_koby_ws/robot_ws/install/abu_core/share/abu_core/environment/pythonpath.dsv
[1.395s] -- Installing: /home/mrg/ABU/shaq_and_koby_ws/robot_ws/install/abu_core/local/lib/python3.10/dist-packages/abu_core-2.1.5-py3.10.egg-info
[1.395s] -- Installing: /home/mrg/ABU/shaq_and_koby_ws/robot_ws/install/abu_core/local/lib/python3.10/dist-packages/abu_core-2.1.5-py3.10.egg-info/PKG-INFO
[1.395s] -- Installing: /home/mrg/ABU/shaq_and_koby_ws/robot_ws/install/abu_core/local/lib/python3.10/dist-packages/abu_core-2.1.5-py3.10.egg-info/SOURCES.txt
[1.395s] -- Installing: /home/mrg/ABU/shaq_and_koby_ws/robot_ws/install/abu_core/local/lib/python3.10/dist-packages/abu_core-2.1.5-py3.10.egg-info/top_level.txt
[1.395s] -- Installing: /home/mrg/ABU/shaq_and_koby_ws/robot_ws/install/abu_core/local/lib/python3.10/dist-packages/abu_core-2.1.5-py3.10.egg-info/dependency_links.txt
[1.395s] -- Installing: /home/mrg/ABU/shaq_and_koby_ws/robot_ws/install/abu_core/local/lib/python3.10/dist-packages/abu_core
[1.395s] -- Installing: /home/mrg/ABU/shaq_and_koby_ws/robot_ws/install/abu_core/local/lib/python3.10/dist-packages/abu_core/__init__.py
[1.422s] Listing '/home/mrg/ABU/shaq_and_koby_ws/robot_ws/install/abu_core/local/lib/python3.10/dist-packages/abu_core'...
[1.422s] Compiling '/home/mrg/ABU/shaq_and_koby_ws/robot_ws/install/abu_core/local/lib/python3.10/dist-packages/abu_core/__init__.py'...
[1.424s] -- Installing: /home/mrg/ABU/shaq_and_koby_ws/robot_ws/install/abu_core/lib/abu_core/robot_main_state.py
[1.425s] -- Installing: /home/mrg/ABU/shaq_and_koby_ws/robot_ws/install/abu_core/lib/abu_core/helloworld.py
[1.425s] -- Installing: /home/mrg/ABU/shaq_and_koby_ws/robot_ws/install/abu_core/lib/abu_core/keyboard_control.py
[1.425s] -- Installing: /home/mrg/ABU/shaq_and_koby_ws/robot_ws/install/abu_core/lib/abu_core/test_sub_cmd_vel.py
[1.425s] -- Installing: /home/mrg/ABU/shaq_and_koby_ws/robot_ws/install/abu_core/lib/abu_core/src/controller.py
[1.425s] -- Installing: /home/mrg/ABU/shaq_and_koby_ws/robot_ws/install/abu_core/lib/abu_core/src/utilize.py
[1.425s] -- Installing: /home/mrg/ABU/shaq_and_koby_ws/robot_ws/install/abu_core/share/ament_index/resource_index/package_run_dependencies/abu_core
[1.425s] -- Installing: /home/mrg/ABU/shaq_and_koby_ws/robot_ws/install/abu_core/share/ament_index/resource_index/parent_prefix_path/abu_core
[1.425s] -- Installing: /home/mrg/ABU/shaq_and_koby_ws/robot_ws/install/abu_core/share/abu_core/environment/ament_prefix_path.sh
[1.425s] -- Installing: /home/mrg/ABU/shaq_and_koby_ws/robot_ws/install/abu_core/share/abu_core/environment/ament_prefix_path.dsv
[1.425s] -- Installing: /home/mrg/ABU/shaq_and_koby_ws/robot_ws/install/abu_core/share/abu_core/environment/path.sh
[1.425s] -- Installing: /home/mrg/ABU/shaq_and_koby_ws/robot_ws/install/abu_core/share/abu_core/environment/path.dsv
[1.425s] -- Installing: /home/mrg/ABU/shaq_and_koby_ws/robot_ws/install/abu_core/share/abu_core/local_setup.bash
[1.425s] -- Installing: /home/mrg/ABU/shaq_and_koby_ws/robot_ws/install/abu_core/share/abu_core/local_setup.sh
[1.425s] -- Installing: /home/mrg/ABU/shaq_and_koby_ws/robot_ws/install/abu_core/share/abu_core/local_setup.zsh
[1.425s] -- Installing: /home/mrg/ABU/shaq_and_koby_ws/robot_ws/install/abu_core/share/abu_core/local_setup.dsv
[1.425s] -- Installing: /home/mrg/ABU/shaq_and_koby_ws/robot_ws/install/abu_core/share/abu_core/package.dsv
[1.425s] -- Installing: /home/mrg/ABU/shaq_and_koby_ws/robot_ws/install/abu_core/share/ament_index/resource_index/packages/abu_core
[1.425s] -- Installing: /home/mrg/ABU/shaq_and_koby_ws/robot_ws/install/abu_core/share/abu_core/cmake/abu_coreConfig.cmake
[1.425s] -- Installing: /home/mrg/ABU/shaq_and_koby_ws/robot_ws/install/abu_core/share/abu_core/cmake/abu_coreConfig-version.cmake
[1.425s] -- Installing: /home/mrg/ABU/shaq_and_koby_ws/robot_ws/install/abu_core/share/abu_core/package.xml
[1.427s] Invoked command in '/home/mrg/ABU/shaq_and_koby_ws/robot_ws/build/abu_core' returned '0': CMAKE_PREFIX_PATH=/opt/ros/humble /usr/bin/cmake --install /home/mrg/ABU/shaq_and_koby_ws/robot_ws/build/abu_core
