-- Found ament_cmake: 2.5.2 (/opt/ros/jazzy/share/ament_cmake/cmake)
-- Found tf2: 0.36.4 (/opt/ros/jazzy/share/tf2/cmake)
-- Found rosidl_generator_c: 4.6.4 (/opt/ros/jazzy/share/rosidl_generator_c/cmake)
-- Found rosidl_generator_cpp: 4.6.4 (/opt/ros/jazzy/share/rosidl_generator_cpp/cmake)
-- Using all available rosidl_typesupport_c: rosidl_typesupport_fastrtps_c;rosidl_typesupport_introspection_c
-- Using all available rosidl_typesupport_cpp: rosidl_typesupport_fastrtps_cpp;rosidl_typesupport_introspection_cpp
-- Found rclpy: 7.1.2 (/opt/ros/jazzy/share/rclpy/cmake)
-- Found rclcpp: 28.1.5 (/opt/ros/jazzy/share/rclcpp/cmake)
-- Found rmw_implementation_cmake: 7.3.1 (/opt/ros/jazzy/share/rmw_implementation_cmake/cmake)
-- Found rmw_fastrtps_cpp: 8.4.1 (/opt/ros/jazzy/share/rmw_fastrtps_cpp/cmake)
-- Using RMW implementation 'rmw_fastrtps_cpp' as default
-- Found nav2_msgs: 1.3.3 (/opt/ros/jazzy/share/nav2_msgs/cmake)
-- Found rclcpp_action: 28.1.5 (/opt/ros/jazzy/share/rclcpp_action/cmake)
-- Found tf2_geometry_msgs: 0.36.4 (/opt/ros/jazzy/share/tf2_geometry_msgs/cmake)
-- Found eigen3_cmake_module: 0.3.0 (/opt/ros/jazzy/share/eigen3_cmake_module/cmake)
-- Found Eigen3: TRUE (found version "3.4.0") 
-- Ensuring Eigen3 include directory is part of orocos-kdl CMake target
-- Configuring incomplete, errors occurred!
[31mCMake Error at CMakeLists.txt:32 (find_package):
  By not providing "Findbehaviortree_cpp_v3.cmake" in CMAKE_MODULE_PATH this
  project has asked CMake to find a package configuration file provided by
  "behaviortree_cpp_v3", but CMake did not find one.

  Could not find a package configuration file provided by
  "behaviortree_cpp_v3" with any of the following names:

    behaviortree_cpp_v3Config.cmake
    behaviortree_cpp_v3-config.cmake

  Add the installation prefix of "behaviortree_cpp_v3" to CMAKE_PREFIX_PATH
  or set "behaviortree_cpp_v3_DIR" to a directory containing one of the above
  files.  If "behaviortree_cpp_v3" provides a separate development package or
  SDK, be sure it has been installed.

[0m
