[0.007s] Invoking command in '/home/ppha/shaq_and_koby_ws/robot_ws/build/abu_core': CMAKE_PREFIX_PATH=${CMAKE_PREFIX_PATH}:/opt/ros/jazzy DEBUGINFOD_URLS=https://debuginfod.ubuntu.com /usr/bin/cmake /home/ppha/shaq_and_koby_ws/robot_ws/src/abu_core -DCMAKE_INSTALL_PREFIX=/home/ppha/shaq_and_koby_ws/robot_ws/install/abu_core
[0.019s] -- Found ament_cmake: 2.5.2 (/opt/ros/jazzy/share/ament_cmake/cmake)
[0.167s] -- Found tf2: 0.36.4 (/opt/ros/jazzy/share/tf2/cmake)
[0.184s] -- Found rosidl_generator_c: 4.6.4 (/opt/ros/jazzy/share/rosidl_generator_c/cmake)
[0.189s] -- Found rosidl_generator_cpp: 4.6.4 (/opt/ros/jazzy/share/rosidl_generator_cpp/cmake)
[0.196s] -- Using all available rosidl_typesupport_c: rosidl_typesupport_fastrtps_c;rosidl_typesupport_introspection_c
[0.204s] -- Using all available rosidl_typesupport_cpp: rosidl_typesupport_fastrtps_cpp;rosidl_typesupport_introspection_cpp
[0.233s] -- Found rclpy: 7.1.2 (/opt/ros/jazzy/share/rclpy/cmake)
[0.233s] -- Found rclcpp: 28.1.5 (/opt/ros/jazzy/share/rclcpp/cmake)
[0.266s] -- Found rmw_implementation_cmake: 7.3.1 (/opt/ros/jazzy/share/rmw_implementation_cmake/cmake)
[0.267s] -- Found rmw_fastrtps_cpp: 8.4.1 (/opt/ros/jazzy/share/rmw_fastrtps_cpp/cmake)
[0.319s] -- Using RMW implementation 'rmw_fastrtps_cpp' as default
[0.360s] -- Found nav2_msgs: 1.3.3 (/opt/ros/jazzy/share/nav2_msgs/cmake)
[0.471s] -- Found rclcpp_action: 28.1.5 (/opt/ros/jazzy/share/rclcpp_action/cmake)
[0.480s] -- Found tf2_geometry_msgs: 0.36.4 (/opt/ros/jazzy/share/tf2_geometry_msgs/cmake)
[0.489s] -- Found eigen3_cmake_module: 0.3.0 (/opt/ros/jazzy/share/eigen3_cmake_module/cmake)
[0.490s] -- Found Eigen3: TRUE (found version "3.4.0") 
[0.491s] -- Ensuring Eigen3 include directory is part of orocos-kdl CMake target
[0.557s] -- Configuring incomplete, errors occurred!
[0.557s] [31mCMake Error at CMakeLists.txt:32 (find_package):
[0.557s]   By not providing "Findbehaviortree_cpp_v3.cmake" in CMAKE_MODULE_PATH this
[0.557s]   project has asked CMake to find a package configuration file provided by
[0.558s]   "behaviortree_cpp_v3", but CMake did not find one.
[0.558s] 
[0.558s]   Could not find a package configuration file provided by
[0.558s]   "behaviortree_cpp_v3" with any of the following names:
[0.558s] 
[0.558s]     behaviortree_cpp_v3Config.cmake
[0.558s]     behaviortree_cpp_v3-config.cmake
[0.558s] 
[0.558s]   Add the installation prefix of "behaviortree_cpp_v3" to CMAKE_PREFIX_PATH
[0.558s]   or set "behaviortree_cpp_v3_DIR" to a directory containing one of the above
[0.558s]   files.  If "behaviortree_cpp_v3" provides a separate development package or
[0.558s]   SDK, be sure it has been installed.
[0.558s] 
[0.558s] [0m
[0.562s] Invoked command in '/home/ppha/shaq_and_koby_ws/robot_ws/build/abu_core' returned '1': CMAKE_PREFIX_PATH=${CMAKE_PREFIX_PATH}:/opt/ros/jazzy DEBUGINFOD_URLS=https://debuginfod.ubuntu.com /usr/bin/cmake /home/ppha/shaq_and_koby_ws/robot_ws/src/abu_core -DCMAKE_INSTALL_PREFIX=/home/ppha/shaq_and_koby_ws/robot_ws/install/abu_core
