[0.009s] Invoking command in '/home/ppha/shaq_and_koby_ws/robot_ws/build/abu_core': CMAKE_PREFIX_PATH=${CMAKE_PREFIX_PATH}:/opt/ros/jazzy DEBUGINFOD_URLS=https://debuginfod.ubuntu.com /usr/bin/cmake --build /home/ppha/shaq_and_koby_ws/robot_ws/build/abu_core -- -j16 -l16
[0.063s] Built target ament_cmake_python_copy_abu_core
[0.246s] running egg_info
[0.258s] writing abu_core.egg-info/PKG-INFO
[0.258s] writing dependency_links to abu_core.egg-info/dependency_links.txt
[0.258s] writing top-level names to abu_core.egg-info/top_level.txt
[0.294s] reading manifest file 'abu_core.egg-info/SOURCES.txt'
[0.295s] writing manifest file 'abu_core.egg-info/SOURCES.txt'
[0.321s] Built target ament_cmake_python_build_abu_core_egg
[0.330s] Invoked command in '/home/ppha/shaq_and_koby_ws/robot_ws/build/abu_core' returned '0': CMAKE_PREFIX_PATH=${CMAKE_PREFIX_PATH}:/opt/ros/jazzy DEBUGINFOD_URLS=https://debuginfod.ubuntu.com /usr/bin/cmake --build /home/ppha/shaq_and_koby_ws/robot_ws/build/abu_core -- -j16 -l16
[0.339s] Invoking command in '/home/ppha/shaq_and_koby_ws/robot_ws/build/abu_core': CMAKE_PREFIX_PATH=${CMAKE_PREFIX_PATH}:/opt/ros/jazzy DEBUGINFOD_URLS=https://debuginfod.ubuntu.com /usr/bin/cmake --install /home/ppha/shaq_and_koby_ws/robot_ws/build/abu_core
[0.346s] -- Install configuration: ""
[0.346s] -- Up-to-date: /home/ppha/shaq_and_koby_ws/robot_ws/install/abu_core/share/abu_core/launch
[0.346s] -- Up-to-date: /home/ppha/shaq_and_koby_ws/robot_ws/install/abu_core/share/abu_core/launch/helloWorld.launch.py
[0.346s] -- Up-to-date: /home/ppha/shaq_and_koby_ws/robot_ws/install/abu_core/share/abu_core/launch/state.launch.py
[0.346s] -- Up-to-date: /home/ppha/shaq_and_koby_ws/robot_ws/install/abu_core/share/abu_core/launch/bot_bringup.launch.py
[0.346s] -- Up-to-date: /home/ppha/shaq_and_koby_ws/robot_ws/install/abu_core/share/abu_core/launch/microros.launch.py
[0.346s] -- Up-to-date: /home/ppha/shaq_and_koby_ws/robot_ws/install/abu_core/share/abu_core/launch/navigate.launch.py
[0.346s] -- Up-to-date: /home/ppha/shaq_and_koby_ws/robot_ws/install/abu_core/share/abu_core/scripts
[0.346s] -- Up-to-date: /home/ppha/shaq_and_koby_ws/robot_ws/install/abu_core/share/abu_core/scripts/keyboard_control.py
[0.346s] -- Up-to-date: /home/ppha/shaq_and_koby_ws/robot_ws/install/abu_core/share/abu_core/scripts/test_sub_cmd_vel.py
[0.346s] -- Up-to-date: /home/ppha/shaq_and_koby_ws/robot_ws/install/abu_core/share/abu_core/scripts/robot_main_state.py
[0.347s] -- Installing: /home/ppha/shaq_and_koby_ws/robot_ws/install/abu_core/share/abu_core/scripts/helloworld.py
[0.347s] -- Up-to-date: /home/ppha/shaq_and_koby_ws/robot_ws/install/abu_core/share/abu_core/scripts/__init__.py
[0.347s] -- Up-to-date: /home/ppha/shaq_and_koby_ws/robot_ws/install/abu_core/share/abu_core/abu_core
[0.347s] -- Up-to-date: /home/ppha/shaq_and_koby_ws/robot_ws/install/abu_core/share/abu_core/abu_core/__init__.py
[0.347s] -- Up-to-date: /home/ppha/shaq_and_koby_ws/robot_ws/install/abu_core/share/abu_core/config
[0.347s] -- Up-to-date: /home/ppha/shaq_and_koby_ws/robot_ws/install/abu_core/share/abu_core/config/locations.yaml
[0.347s] -- Up-to-date: /home/ppha/shaq_and_koby_ws/robot_ws/install/abu_core/share/abu_core/environment/pythonpath.sh
[0.347s] -- Up-to-date: /home/ppha/shaq_and_koby_ws/robot_ws/install/abu_core/share/abu_core/environment/pythonpath.dsv
[0.347s] -- Up-to-date: /home/ppha/shaq_and_koby_ws/robot_ws/install/abu_core/lib/python3.12/site-packages/abu_core-2.1.5-py3.12.egg-info
[0.347s] -- Installing: /home/ppha/shaq_and_koby_ws/robot_ws/install/abu_core/lib/python3.12/site-packages/abu_core-2.1.5-py3.12.egg-info/dependency_links.txt
[0.347s] -- Installing: /home/ppha/shaq_and_koby_ws/robot_ws/install/abu_core/lib/python3.12/site-packages/abu_core-2.1.5-py3.12.egg-info/top_level.txt
[0.347s] -- Installing: /home/ppha/shaq_and_koby_ws/robot_ws/install/abu_core/lib/python3.12/site-packages/abu_core-2.1.5-py3.12.egg-info/SOURCES.txt
[0.347s] -- Installing: /home/ppha/shaq_and_koby_ws/robot_ws/install/abu_core/lib/python3.12/site-packages/abu_core-2.1.5-py3.12.egg-info/PKG-INFO
[0.347s] -- Up-to-date: /home/ppha/shaq_and_koby_ws/robot_ws/install/abu_core/lib/python3.12/site-packages/abu_core
[0.347s] -- Up-to-date: /home/ppha/shaq_and_koby_ws/robot_ws/install/abu_core/lib/python3.12/site-packages/abu_core/__init__.py
[0.376s] Listing '/home/ppha/shaq_and_koby_ws/robot_ws/install/abu_core/lib/python3.12/site-packages/abu_core'...
[0.381s] -- Up-to-date: /home/ppha/shaq_and_koby_ws/robot_ws/install/abu_core/lib/abu_core/robot_main_state.py
[0.381s] -- Installing: /home/ppha/shaq_and_koby_ws/robot_ws/install/abu_core/lib/abu_core/helloworld.py
[0.381s] -- Up-to-date: /home/ppha/shaq_and_koby_ws/robot_ws/install/abu_core/lib/abu_core/keyboard_control.py
[0.381s] -- Up-to-date: /home/ppha/shaq_and_koby_ws/robot_ws/install/abu_core/lib/abu_core/test_sub_cmd_vel.py
[0.381s] -- Up-to-date: /home/ppha/shaq_and_koby_ws/robot_ws/install/abu_core/lib/abu_core/src/controller.py
[0.381s] -- Up-to-date: /home/ppha/shaq_and_koby_ws/robot_ws/install/abu_core/lib/abu_core/src/utilize.py
[0.381s] -- Up-to-date: /home/ppha/shaq_and_koby_ws/robot_ws/install/abu_core/share/ament_index/resource_index/package_run_dependencies/abu_core
[0.381s] -- Up-to-date: /home/ppha/shaq_and_koby_ws/robot_ws/install/abu_core/share/ament_index/resource_index/parent_prefix_path/abu_core
[0.381s] -- Up-to-date: /home/ppha/shaq_and_koby_ws/robot_ws/install/abu_core/share/abu_core/environment/ament_prefix_path.sh
[0.381s] -- Up-to-date: /home/ppha/shaq_and_koby_ws/robot_ws/install/abu_core/share/abu_core/environment/ament_prefix_path.dsv
[0.381s] -- Up-to-date: /home/ppha/shaq_and_koby_ws/robot_ws/install/abu_core/share/abu_core/environment/path.sh
[0.382s] -- Up-to-date: /home/ppha/shaq_and_koby_ws/robot_ws/install/abu_core/share/abu_core/environment/path.dsv
[0.382s] -- Up-to-date: /home/ppha/shaq_and_koby_ws/robot_ws/install/abu_core/share/abu_core/local_setup.bash
[0.382s] -- Up-to-date: /home/ppha/shaq_and_koby_ws/robot_ws/install/abu_core/share/abu_core/local_setup.sh
[0.382s] -- Up-to-date: /home/ppha/shaq_and_koby_ws/robot_ws/install/abu_core/share/abu_core/local_setup.zsh
[0.382s] -- Up-to-date: /home/ppha/shaq_and_koby_ws/robot_ws/install/abu_core/share/abu_core/local_setup.dsv
[0.382s] -- Up-to-date: /home/ppha/shaq_and_koby_ws/robot_ws/install/abu_core/share/abu_core/package.dsv
[0.382s] -- Up-to-date: /home/ppha/shaq_and_koby_ws/robot_ws/install/abu_core/share/ament_index/resource_index/packages/abu_core
[0.382s] -- Up-to-date: /home/ppha/shaq_and_koby_ws/robot_ws/install/abu_core/share/abu_core/cmake/abu_coreConfig.cmake
[0.382s] -- Up-to-date: /home/ppha/shaq_and_koby_ws/robot_ws/install/abu_core/share/abu_core/cmake/abu_coreConfig-version.cmake
[0.382s] -- Up-to-date: /home/ppha/shaq_and_koby_ws/robot_ws/install/abu_core/share/abu_core/package.xml
[0.383s] Invoked command in '/home/ppha/shaq_and_koby_ws/robot_ws/build/abu_core' returned '0': CMAKE_PREFIX_PATH=${CMAKE_PREFIX_PATH}:/opt/ros/jazzy DEBUGINFOD_URLS=https://debuginfod.ubuntu.com /usr/bin/cmake --install /home/ppha/shaq_and_koby_ws/robot_ws/build/abu_core
